This is pdfTeX, Version 3.14159265-2.6-1.40.16 (TeX Live 2015) (preloaded format=pdflatex 2016.5.13)  18 JAN 2017 13:57
entering extended mode
 restricted \write18 enabled.
 %&-line parsing enabled.
**LabReport.tex
(./LabReport.tex
LaTeX2e <2015/01/01>
Babel <3.9l> and hyphenation patterns for 21 languages loaded.
(/usr/local/texlive/2015basic/texmf-dist/tex/latex/base/article.cls
Document Class: article 2014/09/29 v1.4h Standard LaTeX document class
(/usr/local/texlive/2015basic/texmf-dist/tex/latex/base/size10.clo
File: size10.clo 2014/09/29 v1.4h Standard LaTeX file (size option)
)
\c@part=\count79
\c@section=\count80
\c@subsection=\count81
\c@subsubsection=\count82
\c@paragraph=\count83
\c@subparagraph=\count84
\c@figure=\count85
\c@table=\count86
\abovecaptionskip=\skip41
\belowcaptionskip=\skip42
\bibindent=\dimen102
)
(/usr/local/texlive/2015basic/texmf-dist/tex/latex/graphics/graphicx.sty
Package: graphicx 2014/10/28 v1.0g Enhanced LaTeX Graphics (DPC,SPQR)

(/usr/local/texlive/2015basic/texmf-dist/tex/latex/graphics/keyval.sty
Package: keyval 2014/10/28 v1.15 key=value parser (DPC)
\KV@toks@=\toks14
)
(/usr/local/texlive/2015basic/texmf-dist/tex/latex/graphics/graphics.sty
Package: graphics 2014/10/28 v1.0p Standard LaTeX Graphics (DPC,SPQR)

(/usr/local/texlive/2015basic/texmf-dist/tex/latex/graphics/trig.sty
Package: trig 1999/03/16 v1.09 sin cos tan (DPC)
)
(/usr/local/texlive/2015basic/texmf-dist/tex/latex/latexconfig/graphics.cfg
File: graphics.cfg 2010/04/23 v1.9 graphics configuration of TeX Live
)
Package graphics Info: Driver file: pdftex.def on input line 94.

(/usr/local/texlive/2015basic/texmf-dist/tex/latex/pdftex-def/pdftex.def
File: pdftex.def 2011/05/27 v0.06d Graphics/color for pdfTeX

(/usr/local/texlive/2015basic/texmf-dist/tex/generic/oberdiek/infwarerr.sty
Package: infwarerr 2010/04/08 v1.3 Providing info/warning/error messages (HO)
)
(/usr/local/texlive/2015basic/texmf-dist/tex/generic/oberdiek/ltxcmds.sty
Package: ltxcmds 2011/11/09 v1.22 LaTeX kernel commands for general use (HO)
)
\Gread@gobject=\count87
))
\Gin@req@height=\dimen103
\Gin@req@width=\dimen104
)
(./LabReport.aux)
\openout1 = `LabReport.aux'.

LaTeX Font Info:    Checking defaults for OML/cmm/m/it on input line 8.
LaTeX Font Info:    ... okay on input line 8.
LaTeX Font Info:    Checking defaults for T1/cmr/m/n on input line 8.
LaTeX Font Info:    ... okay on input line 8.
LaTeX Font Info:    Checking defaults for OT1/cmr/m/n on input line 8.
LaTeX Font Info:    ... okay on input line 8.
LaTeX Font Info:    Checking defaults for OMS/cmsy/m/n on input line 8.
LaTeX Font Info:    ... okay on input line 8.
LaTeX Font Info:    Checking defaults for OMX/cmex/m/n on input line 8.
LaTeX Font Info:    ... okay on input line 8.
LaTeX Font Info:    Checking defaults for U/cmr/m/n on input line 8.
LaTeX Font Info:    ... okay on input line 8.

(/usr/local/texlive/2015basic/texmf-dist/tex/context/base/supp-pdf.mkii
[Loading MPS to PDF converter (version 2006.09.02).]
\scratchcounter=\count88
\scratchdimen=\dimen105
\scratchbox=\box26
\nofMPsegments=\count89
\nofMParguments=\count90
\everyMPshowfont=\toks15
\MPscratchCnt=\count91
\MPscratchDim=\dimen106
\MPnumerator=\count92
\makeMPintoPDFobject=\count93
\everyMPtoPDFconversion=\toks16
) (/usr/local/texlive/2015basic/texmf-dist/tex/generic/oberdiek/pdftexcmds.sty
Package: pdftexcmds 2011/11/29 v0.20 Utility functions of pdfTeX for LuaTeX (HO
)

(/usr/local/texlive/2015basic/texmf-dist/tex/generic/oberdiek/ifluatex.sty
Package: ifluatex 2010/03/01 v1.3 Provides the ifluatex switch (HO)
Package ifluatex Info: LuaTeX not detected.
)
(/usr/local/texlive/2015basic/texmf-dist/tex/generic/oberdiek/ifpdf.sty
Package: ifpdf 2011/01/30 v2.3 Provides the ifpdf switch (HO)
Package ifpdf Info: pdfTeX in PDF mode is detected.
)
Package pdftexcmds Info: LuaTeX not detected.
Package pdftexcmds Info: \pdf@primitive is available.
Package pdftexcmds Info: \pdf@ifprimitive is available.
Package pdftexcmds Info: \pdfdraftmode found.
)
(/usr/local/texlive/2015basic/texmf-dist/tex/latex/oberdiek/epstopdf-base.sty
Package: epstopdf-base 2010/02/09 v2.5 Base part for package epstopdf

(/usr/local/texlive/2015basic/texmf-dist/tex/latex/oberdiek/grfext.sty
Package: grfext 2010/08/19 v1.1 Manage graphics extensions (HO)

(/usr/local/texlive/2015basic/texmf-dist/tex/generic/oberdiek/kvdefinekeys.sty
Package: kvdefinekeys 2011/04/07 v1.3 Define keys (HO)
)) (/usr/local/texlive/2015basic/texmf-dist/tex/latex/oberdiek/kvoptions.sty
Package: kvoptions 2011/06/30 v3.11 Key value format for package options (HO)

(/usr/local/texlive/2015basic/texmf-dist/tex/generic/oberdiek/kvsetkeys.sty
Package: kvsetkeys 2012/04/25 v1.16 Key value parser (HO)

(/usr/local/texlive/2015basic/texmf-dist/tex/generic/oberdiek/etexcmds.sty
Package: etexcmds 2011/02/16 v1.5 Avoid name clashes with e-TeX commands (HO)
Package etexcmds Info: Could not find \expanded.
(etexcmds)             That can mean that you are not using pdfTeX 1.50 or
(etexcmds)             that some package has redefined \expanded.
(etexcmds)             In the latter case, load this package earlier.
)))
Package grfext Info: Graphics extension search list:
(grfext)             [.png,.pdf,.jpg,.mps,.jpeg,.jbig2,.jb2,.PNG,.PDF,.JPG,.JPE
G,.JBIG2,.JB2,.eps]
(grfext)             \AppendGraphicsExtensions on input line 452.

(/usr/local/texlive/2015basic/texmf-dist/tex/latex/latexconfig/epstopdf-sys.cfg
File: epstopdf-sys.cfg 2010/07/13 v1.3 Configuration of (r)epstopdf for TeX Liv
e
))
LaTeX Font Info:    External font `cmex10' loaded for size
(Font)              <12> on input line 9.
LaTeX Font Info:    External font `cmex10' loaded for size
(Font)              <8> on input line 9.
LaTeX Font Info:    External font `cmex10' loaded for size
(Font)              <6> on input line 9.
LaTeX Font Info:    External font `cmex10' loaded for size
(Font)              <7> on input line 14.
LaTeX Font Info:    External font `cmex10' loaded for size
(Font)              <5> on input line 14.
 <lab1_1.jpg, id=1, 483.8075pt x 341.275pt>
File: lab1_1.jpg Graphic file (type jpg)
 <use lab1_1.jpg>
Package pdftex.def Info: lab1_1.jpg used on input line 33.
(pdftex.def)             Requested size: 193.51956pt x 136.50757pt.
 [1

{/usr/local/texlive/2015basic/texmf-var/fonts/map/pdftex/updmap/pdftex.map}] [2
 <./lab1_1.jpg>] <lab1_lampplot.jpg, id=16, 347.2975pt x 244.915pt>
File: lab1_lampplot.jpg Graphic file (type jpg)
 <use lab1_lampplot.jpg>
Package pdftex.def Info: lab1_lampplot.jpg used on input line 94.
(pdftex.def)             Requested size: 243.10658pt x 171.43932pt.

[3] <lab1_diode1.jpg, id=22, 883.3pt x 381.425pt>
File: lab1_diode1.jpg Graphic file (type jpg)
 <use lab1_diode1.jpg>
Package pdftex.def Info: lab1_diode1.jpg used on input line 104.
(pdftex.def)             Requested size: 264.99205pt x 114.42838pt.

<lab1_diode2.jpg, id=23, 352.31625pt x 247.92625pt>
File: lab1_diode2.jpg Graphic file (type jpg)
 <use lab1_diode2.jpg>
Package pdftex.def Info: lab1_diode2.jpg used on input line 109.
(pdftex.def)             Requested size: 246.61969pt x 173.54718pt.

[4 <./lab1_lampplot.jpg> <./lab1_diode1.jpg>]
<lab1_k2.jpg, id=27, 686.565pt x 646.415pt>
File: lab1_k2.jpg Graphic file (type jpg)
 <use lab1_k2.jpg>
Package pdftex.def Info: lab1_k2.jpg used on input line 120.
(pdftex.def)             Requested size: 137.31056pt x 129.2807pt.

Overfull \hbox (13.92668pt too wide) in paragraph at lines 123--125
\OT1/cmr/m/n/10 With the load, $\OML/cmm/m/it/10 V[]$ \OT1/cmr/m/n/10 dropped f
rom 7.42V to 4.70V. We mea-sured $\OML/cmm/m/it/10 V[] \OT1/cmr/m/n/10 = 7\OML/
cmm/m/it/10 :\OT1/cmr/m/n/10 42\OML/cmm/m/it/10 V; V[] \OT1/cmr/m/n/10 =
 []

[5 <./lab1_diode2.jpg> <./lab1_k2.jpg>]
<lab1_thev2.jpg, id=31, 819.06pt x 656.4525pt>
File: lab1_thev2.jpg Graphic file (type jpg)
 <use lab1_thev2.jpg>
Package pdftex.def Info: lab1_thev2.jpg used on input line 126.
(pdftex.def)             Requested size: 163.8091pt x 131.28816pt.

<lab1_thev4.jpg, id=32, 345.29pt x 357.335pt>
File: lab1_thev4.jpg Graphic file (type jpg)
 <use lab1_thev4.jpg>
Package pdftex.def Info: lab1_thev4.jpg used on input line 131.
(pdftex.def)             Requested size: 138.11354pt x 142.93146pt.

<lab1_thev3.jpg, id=33, 501.875pt x 550.055pt>
File: lab1_thev3.jpg Graphic file (type jpg)
 <use lab1_thev3.jpg>
Package pdftex.def Info: lab1_thev3.jpg used on input line 137.
(pdftex.def)             Requested size: 150.56366pt x 165.01776pt.
 [6 <./lab1_thev2.jpg> <./lab1_thev4.jpg>]
<lab1_accoupling.jpg, id=39, 1033.8625pt x 273.02pt>
File: lab1_accoupling.jpg Graphic file (type jpg)
 <use lab1_accoupling.jpg>
Package pdftex.def Info: lab1_accoupling.jpg used on input line 151.
(pdftex.def)             Requested size: 310.16115pt x 81.90663pt.

[7 <./lab1_thev3.jpg>] <lab1_ac.jpg, id=44, 299.1175pt x 367.3725pt>
File: lab1_ac.jpg Graphic file (type jpg)

<use lab1_ac.jpg>
Package pdftex.def Info: lab1_ac.jpg used on input line 161.
(pdftex.def)             Requested size: 104.69269pt x 128.58229pt.
 [8 <./lab1_accoupling.jpg> <./lab1_ac.jpg>] (./LabReport.aux) ) 
Here is how much of TeX's memory you used:
 1536 strings out of 494501
 22511 string characters out of 6167030
 79770 words of memory out of 5000000
 4816 multiletter control sequences out of 15000+600000
 7290 words of font info for 26 fonts, out of 8000000 for 9000
 319 hyphenation exceptions out of 8191
 37i,7n,23p,798b,201s stack positions out of 5000i,500n,10000p,200000b,80000s
</usr/local/tex
live/2015basic/texmf-dist/fonts/type1/public/amsfonts/cm/cmbx10.pfb></usr/local
/texlive/2015basic/texmf-dist/fonts/type1/public/amsfonts/cm/cmbx12.pfb></usr/l
ocal/texlive/2015basic/texmf-dist/fonts/type1/public/amsfonts/cm/cmmi10.pfb></u
sr/local/texlive/2015basic/texmf-dist/fonts/type1/public/amsfonts/cm/cmmi5.pfb>
</usr/local/texlive/2015basic/texmf-dist/fonts/type1/public/amsfonts/cm/cmmi7.p
fb></usr/local/texlive/2015basic/texmf-dist/fonts/type1/public/amsfonts/cm/cmr1
0.pfb></usr/local/texlive/2015basic/texmf-dist/fonts/type1/public/amsfonts/cm/c
mr12.pfb></usr/local/texlive/2015basic/texmf-dist/fonts/type1/public/amsfonts/c
m/cmr17.pfb></usr/local/texlive/2015basic/texmf-dist/fonts/type1/public/amsfont
s/cm/cmr5.pfb></usr/local/texlive/2015basic/texmf-dist/fonts/type1/public/amsfo
nts/cm/cmr7.pfb>
Output written on LabReport.pdf (8 pages, 578439 bytes).
PDF statistics:
 81 PDF objects out of 1000 (max. 8388607)
 50 compressed objects within 1 object stream
 0 named destinations out of 1000 (max. 500000)
 51 words of extra memory for PDF output out of 10000 (max. 10000000)

