This is pdfTeX, Version 3.14159265-2.6-1.40.16 (TeX Live 2015) (preloaded format=pdflatex 2016.5.13)  25 JAN 2017 13:43
entering extended mode
 restricted \write18 enabled.
 %&-line parsing enabled.
**lab2.tex
(./lab2.tex
LaTeX2e <2015/01/01>
Babel <3.9l> and hyphenation patterns for 21 languages loaded.
(/usr/local/texlive/2015basic/texmf-dist/tex/latex/base/article.cls
Document Class: article 2014/09/29 v1.4h Standard LaTeX document class
(/usr/local/texlive/2015basic/texmf-dist/tex/latex/base/size10.clo
File: size10.clo 2014/09/29 v1.4h Standard LaTeX file (size option)
)
\c@part=\count79
\c@section=\count80
\c@subsection=\count81
\c@subsubsection=\count82
\c@paragraph=\count83
\c@subparagraph=\count84
\c@figure=\count85
\c@table=\count86
\abovecaptionskip=\skip41
\belowcaptionskip=\skip42
\bibindent=\dimen102
)
(/usr/local/texlive/2015basic/texmf-dist/tex/latex/graphics/graphicx.sty
Package: graphicx 2014/10/28 v1.0g Enhanced LaTeX Graphics (DPC,SPQR)

(/usr/local/texlive/2015basic/texmf-dist/tex/latex/graphics/keyval.sty
Package: keyval 2014/10/28 v1.15 key=value parser (DPC)
\KV@toks@=\toks14
)
(/usr/local/texlive/2015basic/texmf-dist/tex/latex/graphics/graphics.sty
Package: graphics 2014/10/28 v1.0p Standard LaTeX Graphics (DPC,SPQR)

(/usr/local/texlive/2015basic/texmf-dist/tex/latex/graphics/trig.sty
Package: trig 1999/03/16 v1.09 sin cos tan (DPC)
)
(/usr/local/texlive/2015basic/texmf-dist/tex/latex/latexconfig/graphics.cfg
File: graphics.cfg 2010/04/23 v1.9 graphics configuration of TeX Live
)
Package graphics Info: Driver file: pdftex.def on input line 94.

(/usr/local/texlive/2015basic/texmf-dist/tex/latex/pdftex-def/pdftex.def
File: pdftex.def 2011/05/27 v0.06d Graphics/color for pdfTeX

(/usr/local/texlive/2015basic/texmf-dist/tex/generic/oberdiek/infwarerr.sty
Package: infwarerr 2010/04/08 v1.3 Providing info/warning/error messages (HO)
)
(/usr/local/texlive/2015basic/texmf-dist/tex/generic/oberdiek/ltxcmds.sty
Package: ltxcmds 2011/11/09 v1.22 LaTeX kernel commands for general use (HO)
)
\Gread@gobject=\count87
))
\Gin@req@height=\dimen103
\Gin@req@width=\dimen104
)
(/usr/local/texlive/2015basic/texmf-dist/tex/latex/geometry/geometry.sty
Package: geometry 2010/09/12 v5.6 Page Geometry

(/usr/local/texlive/2015basic/texmf-dist/tex/generic/oberdiek/ifpdf.sty
Package: ifpdf 2011/01/30 v2.3 Provides the ifpdf switch (HO)
Package ifpdf Info: pdfTeX in PDF mode is detected.
)
(/usr/local/texlive/2015basic/texmf-dist/tex/generic/oberdiek/ifvtex.sty
Package: ifvtex 2010/03/01 v1.5 Detect VTeX and its facilities (HO)
Package ifvtex Info: VTeX not detected.
)
(/usr/local/texlive/2015basic/texmf-dist/tex/generic/ifxetex/ifxetex.sty
Package: ifxetex 2010/09/12 v0.6 Provides ifxetex conditional
)
\Gm@cnth=\count88
\Gm@cntv=\count89
\c@Gm@tempcnt=\count90
\Gm@bindingoffset=\dimen105
\Gm@wd@mp=\dimen106
\Gm@odd@mp=\dimen107
\Gm@even@mp=\dimen108
\Gm@layoutwidth=\dimen109
\Gm@layoutheight=\dimen110
\Gm@layouthoffset=\dimen111
\Gm@layoutvoffset=\dimen112
\Gm@dimlist=\toks15
)

Package geometry Warning: Over-specification in `h'-direction.
    `width' (483.69684pt) is ignored.

(./lab2.aux)
\openout1 = `lab2.aux'.

LaTeX Font Info:    Checking defaults for OML/cmm/m/it on input line 16.
LaTeX Font Info:    ... okay on input line 16.
LaTeX Font Info:    Checking defaults for T1/cmr/m/n on input line 16.
LaTeX Font Info:    ... okay on input line 16.
LaTeX Font Info:    Checking defaults for OT1/cmr/m/n on input line 16.
LaTeX Font Info:    ... okay on input line 16.
LaTeX Font Info:    Checking defaults for OMS/cmsy/m/n on input line 16.
LaTeX Font Info:    ... okay on input line 16.
LaTeX Font Info:    Checking defaults for OMX/cmex/m/n on input line 16.
LaTeX Font Info:    ... okay on input line 16.
LaTeX Font Info:    Checking defaults for U/cmr/m/n on input line 16.
LaTeX Font Info:    ... okay on input line 16.

(/usr/local/texlive/2015basic/texmf-dist/tex/context/base/supp-pdf.mkii
[Loading MPS to PDF converter (version 2006.09.02).]
\scratchcounter=\count91
\scratchdimen=\dimen113
\scratchbox=\box26
\nofMPsegments=\count92
\nofMParguments=\count93
\everyMPshowfont=\toks16
\MPscratchCnt=\count94
\MPscratchDim=\dimen114
\MPnumerator=\count95
\makeMPintoPDFobject=\count96
\everyMPtoPDFconversion=\toks17
) (/usr/local/texlive/2015basic/texmf-dist/tex/generic/oberdiek/pdftexcmds.sty
Package: pdftexcmds 2011/11/29 v0.20 Utility functions of pdfTeX for LuaTeX (HO
)

(/usr/local/texlive/2015basic/texmf-dist/tex/generic/oberdiek/ifluatex.sty
Package: ifluatex 2010/03/01 v1.3 Provides the ifluatex switch (HO)
Package ifluatex Info: LuaTeX not detected.
)
Package pdftexcmds Info: LuaTeX not detected.
Package pdftexcmds Info: \pdf@primitive is available.
Package pdftexcmds Info: \pdf@ifprimitive is available.
Package pdftexcmds Info: \pdfdraftmode found.
)
(/usr/local/texlive/2015basic/texmf-dist/tex/latex/oberdiek/epstopdf-base.sty
Package: epstopdf-base 2010/02/09 v2.5 Base part for package epstopdf

(/usr/local/texlive/2015basic/texmf-dist/tex/latex/oberdiek/grfext.sty
Package: grfext 2010/08/19 v1.1 Manage graphics extensions (HO)

(/usr/local/texlive/2015basic/texmf-dist/tex/generic/oberdiek/kvdefinekeys.sty
Package: kvdefinekeys 2011/04/07 v1.3 Define keys (HO)
)) (/usr/local/texlive/2015basic/texmf-dist/tex/latex/oberdiek/kvoptions.sty
Package: kvoptions 2011/06/30 v3.11 Key value format for package options (HO)

(/usr/local/texlive/2015basic/texmf-dist/tex/generic/oberdiek/kvsetkeys.sty
Package: kvsetkeys 2012/04/25 v1.16 Key value parser (HO)

(/usr/local/texlive/2015basic/texmf-dist/tex/generic/oberdiek/etexcmds.sty
Package: etexcmds 2011/02/16 v1.5 Avoid name clashes with e-TeX commands (HO)
Package etexcmds Info: Could not find \expanded.
(etexcmds)             That can mean that you are not using pdfTeX 1.50 or
(etexcmds)             that some package has redefined \expanded.
(etexcmds)             In the latter case, load this package earlier.
)))
Package grfext Info: Graphics extension search list:
(grfext)             [.png,.pdf,.jpg,.mps,.jpeg,.jbig2,.jb2,.PNG,.PDF,.JPG,.JPE
G,.JBIG2,.JB2,.eps]
(grfext)             \AppendGraphicsExtensions on input line 452.

(/usr/local/texlive/2015basic/texmf-dist/tex/latex/latexconfig/epstopdf-sys.cfg
File: epstopdf-sys.cfg 2010/07/13 v1.3 Configuration of (r)epstopdf for TeX Liv
e
))
*geometry* driver: auto-detecting
*geometry* detected driver: pdftex
*geometry* verbose mode - [ preamble ] result:
* driver: pdftex
* paper: a4paper
* layout: <same size as paper>
* layoutoffset:(h,v)=(0.0pt,0.0pt)
* modes: 
* h-part:(L,W,R)=(85.35826pt, 412.56497pt, 99.58464pt)
* v-part:(T,H,B)=(56.9055pt, 731.23582pt, 56.90552pt)
* \paperwidth=597.50787pt
* \paperheight=845.04684pt
* \textwidth=412.56497pt
* \textheight=731.23582pt
* \oddsidemargin=13.08827pt
* \evensidemargin=13.08827pt
* \topmargin=-52.36449pt
* \headheight=12.0pt
* \headsep=25.0pt
* \topskip=10.0pt
* \footskip=30.0pt
* \marginparwidth=65.0pt
* \marginparsep=11.0pt
* \columnsep=10.0pt
* \skip\footins=9.0pt plus 4.0pt minus 2.0pt
* \hoffset=0.0pt
* \voffset=0.0pt
* \mag=1000
* \@twocolumnfalse
* \@twosidefalse
* \@mparswitchfalse
* \@reversemarginfalse
* (1in=72.27pt=25.4mm, 1cm=28.453pt)

LaTeX Font Info:    External font `cmex10' loaded for size
(Font)              <12> on input line 17.
LaTeX Font Info:    External font `cmex10' loaded for size
(Font)              <8> on input line 17.
LaTeX Font Info:    External font `cmex10' loaded for size
(Font)              <6> on input line 17.
LaTeX Font Info:    External font `cmex10' loaded for size
(Font)              <7> on input line 19.
LaTeX Font Info:    External font `cmex10' loaded for size
(Font)              <5> on input line 19.

Underfull \hbox (badness 10000) in paragraph at lines 23--25

 []

<lab2_risetime.jpg, id=1, 2940.9875pt x 1989.4325pt>
File: lab2_risetime.jpg Graphic file (type jpg)
 <use lab2_risetime.jpg>
Package pdftex.def Info: lab2_risetime.jpg used on input line 26.
(pdftex.def)             Requested size: 235.28381pt x 159.15785pt.

<lab2_differentiator.jpg, id=2, 487.8225pt x 293.095pt>
File: lab2_differentiator.jpg Graphic file (type jpg)

<use lab2_differentiator.jpg>
Package pdftex.def Info: lab2_differentiator.jpg used on input line 34.
(pdftex.def)             Requested size: 195.12553pt x 117.23592pt.
 [1

{/usr/local/texlive/2015basic/texmf-var/fonts/map/pdftex/updmap/pdftex.map} <./
lab2_risetime.jpg>]
<lab2_c_sine.jpg, id=18, 256.96pt x 192.72pt>
File: lab2_c_sine.jpg Graphic file (type jpg)
 <use lab2_c_sine.jpg>
Package pdftex.def Info: lab2_c_sine.jpg used on input line 39.
(pdftex.def)             Requested size: 256.95937pt x 192.71951pt.

<f_square.jpg, id=19, 256.96pt x 192.72pt>
File: f_square.jpg Graphic file (type jpg)
 <use f_square.jpg>
Package pdftex.def Info: f_square.jpg used on input line 44.
(pdftex.def)             Requested size: 231.26186pt x 173.44638pt.

<lab2_integrator.jpg, id=20, 493.845pt x 311.1625pt>
File: lab2_integrator.jpg Graphic file (type jpg)
 <use lab2_integrator.jpg>
Package pdftex.def Info: lab2_integrator.jpg used on input line 52.
(pdftex.def)             Requested size: 197.53448pt x 124.46278pt.

[2 <./lab2_differentiator.jpg> <./lab2_c_sine.jpg> <./f_square.jpg>]
<d_sine.jpg, id=24, 256.96pt x 192.72pt>
File: d_sine.jpg Graphic file (type jpg)
 <use d_sine.jpg>
Package pdftex.def Info: d_sine.jpg used on input line 57.
(pdftex.def)             Requested size: 179.87076pt x 134.90306pt.

<d_square.jpg, id=25, 256.96pt x 192.72pt>
File: d_square.jpg Graphic file (type jpg)
 <use d_square.jpg>
Package pdftex.def Info: d_square.jpg used on input line 63.
(pdftex.def)             Requested size: 179.87076pt x 134.90306pt.

Underfull \hbox (badness 10000) in paragraph at lines 66--67

 []

<d_sawtooth.jpg, id=26, 256.96pt x 192.72pt>
File: d_sawtooth.jpg Graphic file (type jpg)
 <use d_sawtooth.jpg>
Package pdftex.def Info: d_sawtooth.jpg used on input line 68.
(pdftex.def)             Requested size: 179.87076pt x 134.90306pt.
 [3 <./lab2_integrator.jpg> <./d_sine.jpg> <./d_square.jpg>]
<d_triangular.jpg, id=30, 256.96pt x 192.72pt>
File: d_triangular.jpg Graphic file (type jpg)
 <use d_triangular.jpg>
Package pdftex.def Info: d_triangular.jpg used on input line 73.
(pdftex.def)             Requested size: 179.87076pt x 134.90306pt.

Underfull \hbox (badness 10000) in paragraph at lines 76--77

 []

<e_sweep.jpg, id=31, 256.96pt x 192.72pt>
File: e_sweep.jpg Graphic file (type jpg)
 <use e_sweep.jpg>
Package pdftex.def Info: e_sweep.jpg used on input line 81.
(pdftex.def)             Requested size: 179.87076pt x 134.90306pt.

Underfull \hbox (badness 10000) in paragraph at lines 84--85

 []

[4 <./d_sawtooth.jpg> <./d_triangular.jpg> <./e_sweep.jpg>]
<e_stopband.jpg, id=36, 256.96pt x 192.72pt>
File: e_stopband.jpg Graphic file (type jpg)
 <use e_stopband.jpg>
Package pdftex.def Info: e_stopband.jpg used on input line 88.
(pdftex.def)             Requested size: 179.87076pt x 134.90306pt.

<e_passband.jpg, id=37, 256.96pt x 192.72pt>
File: e_passband.jpg Graphic file (type jpg)
 <use e_passband.jpg>
Package pdftex.def Info: e_passband.jpg used on input line 93.
(pdftex.def)             Requested size: 179.87076pt x 134.90306pt.

<e_3db.jpg, id=38, 256.96pt x 192.72pt>
File: e_3db.jpg Graphic file (type jpg)
 <use e_3db.jpg>
Package pdftex.def Info: e_3db.jpg used on input line 98.
(pdftex.def)             Requested size: 179.87076pt x 134.90306pt.

Underfull \hbox (badness 10000) in paragraph at lines 101--102

 []


Underfull \hbox (badness 10000) in paragraph at lines 103--104

 []

[5 <./e_stopband.jpg> <./e_passband.jpg> <./e_3db.jpg>]
<e_sync.jpg, id=42, 256.96pt x 192.72pt>
File: e_sync.jpg Graphic file (type jpg)
 <use e_sync.jpg>
Package pdftex.def Info: e_sync.jpg used on input line 107.
(pdftex.def)             Requested size: 179.87076pt x 134.90306pt.

<f_circuit.jpg, id=43, 491.8375pt x 283.0575pt>
File: f_circuit.jpg Graphic file (type jpg)
 <use f_circuit.jpg>
Package pdftex.def Info: f_circuit.jpg used on input line 114.
(pdftex.def)             Requested size: 196.7315pt x 113.22098pt.

<f_hipass.jpg, id=44, 256.96pt x 192.72pt>
File: f_hipass.jpg Graphic file (type jpg)
 <use f_hipass.jpg>
Package pdftex.def Info: f_hipass.jpg used on input line 119.
(pdftex.def)             Requested size: 179.87076pt x 134.90306pt.

<f_hipass2.jpg, id=45, 256.96pt x 192.72pt>
File: f_hipass2.jpg Graphic file (type jpg)
 <use f_hipass2.jpg>
Package pdftex.def Info: f_hipass2.jpg used on input line 124.
(pdftex.def)             Requested size: 179.87076pt x 134.90306pt.
 [6 <./e_sync.jpg> <./f_circuit.jpg> <./f_hipass.jpg>] <f_3db.jpg, id=49, 256.9
6pt x 192.72pt>
File: f_3db.jpg Graphic file (type jpg)

<use f_3db.jpg>
Package pdftex.def Info: f_3db.jpg used on input line 129.
(pdftex.def)             Requested size: 205.56827pt x 154.1762pt.
 <g_1to1.jpg, id=50, 642.4pt x 481.8pt>
File: g_1to1.jpg Graphic file (type jpg)
 <use g_1to1.jpg>
Package pdftex.def Info: g_1to1.jpg used on input line 137.
(pdftex.def)             Requested size: 192.72148pt x 144.5411pt.

<h_transf.jpg, id=51, 568.1225pt x 329.23pt>
File: h_transf.jpg Graphic file (type jpg)
 <use h_transf.jpg>
Package pdftex.def Info: h_transf.jpg used on input line 144.
(pdftex.def)             Requested size: 227.24496pt x 131.68965pt.
 [7 <./f_hipass2.jpg> <./f_3db.jpg> <./g_1to1.jpg>]
<i_circuitA.jpg, id=56, 614.295pt x 517.935pt>
File: i_circuitA.jpg Graphic file (type jpg)
 <use i_circuitA.jpg>
Package pdftex.def Info: i_circuitA.jpg used on input line 153.
(pdftex.def)             Requested size: 184.28992pt x 155.38168pt.

<i_top.jpg, id=57, 256.96pt x 192.72pt>
File: i_top.jpg Graphic file (type jpg)
 <use i_top.jpg>
Package pdftex.def Info: i_top.jpg used on input line 158.
(pdftex.def)             Requested size: 179.87076pt x 134.90306pt.

<i_circuitAB.jpg, id=58, 851.18pt x 457.71pt>
File: i_circuitAB.jpg Graphic file (type jpg)
 <use i_circuitAB.jpg>
Package pdftex.def Info: i_circuitAB.jpg used on input line 164.
(pdftex.def)             Requested size: 221.30157pt x 119.00179pt.
 [8 <./h_transf.jpg> <./i_circuitA.jpg> <./i_top.jpg>]
<i_ABsignal.jpg, id=62, 256.96pt x 192.72pt>
File: i_ABsignal.jpg Graphic file (type jpg)
 <use i_ABsignal.jpg>
Package pdftex.def Info: i_ABsignal.jpg used on input line 169.
(pdftex.def)             Requested size: 179.87076pt x 134.90306pt.

<i_lowfreq.jpg, id=63, 256.96pt x 192.72pt>
File: i_lowfreq.jpg Graphic file (type jpg)
 <use i_lowfreq.jpg>
Package pdftex.def Info: i_lowfreq.jpg used on input line 174.
(pdftex.def)             Requested size: 179.87076pt x 134.90306pt.

<i_ac.jpg, id=64, 256.96pt x 192.72pt>
File: i_ac.jpg Graphic file (type jpg)
 <use i_ac.jpg>
Package pdftex.def Info: i_ac.jpg used on input line 179.
(pdftex.def)             Requested size: 179.87076pt x 134.90306pt.
 [9 <./i_circuitAB.jpg> <./i_ABsignal.jpg> <./i_lowfreq.jpg> <./i_ac.jpg>] (./l
ab2.aux) ) 
Here is how much of TeX's memory you used:
 2090 strings out of 494501
 30818 string characters out of 6167030
 93554 words of memory out of 5000000
 5346 multiletter control sequences out of 15000+600000
 6983 words of font info for 25 fonts, out of 8000000 for 9000
 319 hyphenation exceptions out of 8191
 38i,6n,28p,684b,201s stack positions out of 5000i,500n,10000p,200000b,80000s
</usr/local/texlive/2015basic/texmf-dist/fonts/type1/public/amsfonts/
cm/cmbx10.pfb></usr/local/texlive/2015basic/texmf-dist/fonts/type1/public/amsfo
nts/cm/cmmi10.pfb></usr/local/texlive/2015basic/texmf-dist/fonts/type1/public/a
msfonts/cm/cmmi5.pfb></usr/local/texlive/2015basic/texmf-dist/fonts/type1/publi
c/amsfonts/cm/cmmi7.pfb></usr/local/texlive/2015basic/texmf-dist/fonts/type1/pu
blic/amsfonts/cm/cmr10.pfb></usr/local/texlive/2015basic/texmf-dist/fonts/type1
/public/amsfonts/cm/cmr12.pfb></usr/local/texlive/2015basic/texmf-dist/fonts/ty
pe1/public/amsfonts/cm/cmr17.pfb></usr/local/texlive/2015basic/texmf-dist/fonts
/type1/public/amsfonts/cm/cmr5.pfb></usr/local/texlive/2015basic/texmf-dist/fon
ts/type1/public/amsfonts/cm/cmr7.pfb></usr/local/texlive/2015basic/texmf-dist/f
onts/type1/public/amsfonts/cm/cmsy10.pfb></usr/local/texlive/2015basic/texmf-di
st/fonts/type1/public/amsfonts/cm/cmsy7.pfb>
Output written on lab2.pdf (9 pages, 3893790 bytes).
PDF statistics:
 104 PDF objects out of 1000 (max. 8388607)
 55 compressed objects within 1 object stream
 0 named destinations out of 1000 (max. 500000)
 131 words of extra memory for PDF output out of 10000 (max. 10000000)

